<?xml version="1.0" encoding="UTF-8"?>
<testsuite xmlns:xsi="http://www.w3.org/2001/XMLSchema-instance" xsi:noNamespaceSchemaLocation="https://maven.apache.org/surefire/maven-surefire-plugin/xsd/surefire-test-report.xsd" name="app.service.HoursLogServiceTest" time="0.625" tests="9" errors="0" skipped="0" failures="0">
  <properties>
[...]
</properties>
  <testcase name="testAddHoursLog" classname="app.service.HoursLogServiceTest" time="0.597"/>
  <testcase name="testGetHoursLogById" classname="app.service.HoursLogServiceTest" time="0.002"/>
  <testcase name="testGetAllHoursLogs" classname="app.service.HoursLogServiceTest" time="0.002"/>
  <testcase name="testGetHoursLogByIdNotFound" classname="app.service.HoursLogServiceTest" time="0.002"/>
  <testcase name="testGetHoursLogsByUserIdAndDateRange" classname="app.service.HoursLogServiceTest" time="0.001"/>
  <testcase name="testGetLatestHoursLogByUserIdNotFound" classname="app.service.HoursLogServiceTest" time="0.001"/>
  <testcase name="testGetLatestHoursLogByUserId" classname="app.service.HoursLogServiceTest" time="0.002"/>
  <testcase name="testGetHoursLogByUserIdAndDate" classname="app.service.HoursLogServiceTest" time="0.001"/>
  <testcase name="testGetHoursLogsByUserId" classname="app.service.HoursLogServiceTest" time="0.001"/>
</testsuite>